SF:lib/data/local/database/app_database.g.dart
DA:24,1
DA:25,1
DA:30,0
DA:31,0
DA:35,1
DA:43,0
DA:45,0
DA:49,0
DA:51,0
DA:55,1
DA:57,1
DA:58,3
DA:60,1
DA:61,2
DA:63,1
DA:64,1
DA:71,1
DA:72,2
DA:77,1
DA:82,1
DA:84,1
DA:85,1
DA:86,0
DA:88,1
DA:89,0
DA:91,0
DA:92,0
DA:95,0
DA:97,0
DA:98,0
DA:101,0
DA:104,2
DA:107,1
DA:109,4
DA:114,1
DA:117,1
DA:118,1
DA:121,2
DA:122,1
DA:123,1
DA:124,1
DA:125,1
DA:127,1
DA:130,1
DA:131,0
DA:132,0
DA:133,0
DA:134,0
DA:135,0
DA:137,1
DA:140,1
DA:141,0
DA:142,0
DA:143,0
DA:144,0
DA:145,0
DA:160,0
DA:162,0
DA:163,0
DA:164,0
DA:165,0
DA:166,0
DA:167,0
DA:170,1
DA:172,2
DA:175,0
DA:177,0
DA:180,0
DA:182,0
LF:69
LH:34
end_of_record
SF:lib/data/local/database/app_database.dart
DA:13,0
DA:18,0
DA:19,0
LF:3
LH:0
end_of_record
SF:lib/data/model/person_model.dart
DA:14,1
DA:20,0
DA:21,0
LF:3
LH:1
end_of_record
SF:lib/data/model/person_model.g.dart
DA:9,0
DA:10,0
DA:11,0
DA:12,0
DA:13,0
DA:16,0
DA:17,0
DA:18,0
DA:19,0
DA:20,0
DA:21,0
LF:11
LH:0
end_of_record
SF:lib/presentation/app/my_app.dart
DA:11,0
DA:13,0
DA:14,0
DA:21,0
DA:23,0
DA:24,0
DA:25,0
DA:30,0
DA:31,0
DA:33,0
DA:38,0
DA:39,0
DA:40,0
DA:42,0
DA:44,0
LF:15
LH:0
end_of_record
SF:lib/data/api/api_path.dart
DA:4,0
DA:6,0
DA:7,0
LF:3
LH:0
end_of_record
SF:lib/data/api/dio.dart
DA:15,0
DA:16,0
DA:17,0
DA:25,0
DA:27,0
DA:28,0
DA:29,0
DA:30,0
DA:32,0
DA:33,0
DA:34,0
DA:35,0
DA:36,0
DA:37,0
DA:41,0
DA:52,0
DA:53,0
DA:56,0
DA:58,0
DA:59,0
DA:62,0
DA:63,0
DA:66,0
DA:67,0
DA:70,0
DA:71,0
DA:74,0
DA:75,0
DA:78,0
DA:80,0
DA:87,0
DA:89,0
DA:96,0
DA:98,0
DA:105,0
DA:107,0
DA:114,0
DA:116,0
LF:38
LH:0
end_of_record
SF:lib/data/shared_data/app_shared_preference.dart
DA:4,0
DA:6,0
DA:10,0
DA:11,0
DA:14,0
DA:16,0
DA:17,0
DA:18,0
DA:19,0
DA:20,0
DA:21,0
DA:22,0
DA:23,0
DA:25,0
DA:28,0
DA:32,0
DA:33,0
DA:36,0
DA:37,0
DA:40,0
DA:41,0
DA:44,0
DA:45,0
DA:48,0
DA:49,0
DA:52,0
DA:53,0
LF:27
LH:0
end_of_record
SF:lib/data/api/dio_logger.dart
DA:6,0
DA:7,0
DA:11,0
DA:62,0
DA:64,0
DA:65,0
DA:67,0
DA:68,0
DA:69,0
DA:70,0
DA:71,0
DA:72,0
DA:73,0
DA:74,0
DA:75,0
DA:76,0
DA:77,0
DA:79,0
DA:80,0
DA:82,0
DA:83,0
DA:84,0
DA:85,0
DA:86,0
DA:87,0
DA:89,0
DA:93,0
DA:96,0
DA:98,0
DA:99,0
DA:100,0
DA:101,0
DA:103,0
DA:104,0
DA:106,0
DA:107,0
DA:108,0
DA:110,0
DA:111,0
DA:113,0
DA:116,0
DA:119,0
DA:121,0
DA:122,0
DA:123,0
DA:124,0
DA:125,0
DA:126,0
DA:129,0
DA:130,0
DA:131,0
DA:132,0
DA:133,0
DA:134,0
DA:136,0
DA:139,0
DA:140,0
DA:141,0
DA:142,0
DA:143,0
DA:146,0
DA:147,0
DA:148,0
DA:149,0
DA:150,0
DA:151,0
DA:152,0
DA:153,0
DA:155,0
DA:160,0
DA:161,0
DA:162,0
DA:163,0
DA:165,0
DA:166,0
DA:170,0
DA:171,0
DA:172,0
DA:173,0
DA:176,0
DA:177,0
DA:179,0
DA:180,0
DA:181,0
DA:183,0
DA:184,0
DA:185,0
DA:187,0
DA:191,0
DA:192,0
DA:193,0
DA:194,0
DA:195,0
DA:198,0
DA:199,0
DA:200,0
DA:201,0
DA:202,0
DA:208,0
DA:210,0
DA:217,0
DA:218,0
DA:219,0
DA:221,0
DA:223,0
DA:224,0
DA:225,0
DA:226,0
DA:227,0
DA:229,0
DA:230,0
DA:231,0
DA:233,0
DA:234,0
DA:236,0
DA:237,0
DA:238,0
DA:240,0
DA:241,0
DA:242,0
DA:245,0
DA:246,0
DA:247,0
DA:248,0
DA:249,0
DA:250,0
DA:251,0
DA:252,0
DA:256,0
DA:261,0
DA:264,0
DA:265,0
DA:266,0
DA:267,0
DA:268,0
DA:269,0
DA:271,0
DA:274,0
DA:279,0
DA:280,0
DA:281,0
DA:282,0
DA:283,0
DA:286,0
DA:287,0
DA:290,0
DA:291,0
DA:292,0
DA:293,0
DA:294,0
DA:296,0
LF:151
LH:0
end_of_record
SF:lib/data/api/interceptor.dart
DA:7,0
DA:9,0
DA:12,0
DA:14,0
DA:17,0
DA:19,0
LF:6
LH:0
end_of_record
SF:lib/data/mapper/base_mapper.dart
DA:2,0
DA:6,0
DA:7,0
LF:3
LH:0
end_of_record
SF:lib/data/mapper/person_entity_mapper.dart
DA:8,0
DA:10,0
DA:11,0
DA:12,0
DA:13,0
DA:14,0
LF:6
LH:0
end_of_record
SF:lib/domain/entities/person_entity.dart
DA:7,1
LF:1
LH:1
end_of_record
SF:lib/data/model/response.dart
DA:3,0
DA:4,0
DA:6,0
DA:7,0
DA:15,0
DA:22,0
DA:28,0
DA:29,0
DA:30,0
DA:31,0
DA:32,0
DA:35,0
DA:36,0
DA:37,0
DA:38,0
DA:39,0
DA:40,0
DA:43,0
DA:44,0
DA:45,0
DA:46,0
DA:47,0
LF:22
LH:0
end_of_record
SF:lib/data/repository_impl/person_repository_impl.dart
DA:12,0
DA:16,0
DA:20,0
DA:21,0
DA:22,0
DA:23,0
DA:24,0
DA:27,0
DA:28,0
DA:29,0
DA:30,0
DA:35,0
DA:38,0
DA:39,0
DA:40,0
DA:41,0
DA:43,0
DA:44,0
DA:45,0
DA:46,0
DA:51,0
DA:54,0
DA:55,0
DA:56,0
DA:57,0
DA:58,0
DA:61,0
DA:62,0
DA:63,0
DA:64,0
DA:69,0
DA:72,0
DA:73,0
DA:74,0
DA:75,0
DA:76,0
DA:79,0
DA:80,0
DA:81,0
DA:82,0
DA:88,0
DA:92,0
DA:93,0
DA:94,0
DA:95,0
DA:96,0
DA:99,0
DA:100,0
DA:101,0
DA:102,0
LF:50
LH:0
end_of_record
SF:lib/domain/use_case/future_use_case.dart
DA:7,0
DA:9,0
DA:11,0
LF:3
LH:0
end_of_record
SF:lib/domain/use_case/io/input.dart
DA:2,0
LF:1
LH:0
end_of_record
SF:lib/domain/use_case/io/output.dart
DA:2,0
LF:1
LH:0
end_of_record
SF:lib/domain/use_case/person_create_use_case.dart
DA:14,0
DA:22,0
DA:24,0
DA:25,0
DA:26,0
DA:27,0
DA:30,0
DA:42,0
DA:43,0
DA:44,0
DA:45,0
DA:46,0
DA:57,0
DA:63,0
LF:14
LH:0
end_of_record
SF:lib/presentation/di/di.dart
DA:5,0
DA:7,0
DA:8,0
LF:3
LH:0
end_of_record
SF:lib/presentation/router/router.dart
DA:11,0
DA:12,0
DA:13,0
LF:3
LH:0
end_of_record
SF:lib/presentation/blocs/bloc_state.dart
DA:15,0
DA:22,0
DA:28,0
DA:29,0
DA:30,0
DA:31,0
DA:32,0
LF:7
LH:0
end_of_record
SF:lib/presentation/feature/home/pages/bloc/home_bloc.dart
DA:11,0
DA:13,0
DA:17,0
DA:18,0
DA:20,0
DA:27,0
DA:28,0
DA:29,0
DA:31,0
DA:34,0
LF:10
LH:0
end_of_record
SF:lib/presentation/feature/home/pages/home_page.dart
DA:13,1
DA:15,0
DA:16,0
DA:23,0
DA:25,0
DA:28,0
DA:30,0
DA:31,0
DA:32,0
DA:33,0
DA:36,0
DA:37,0
DA:38,0
DA:42,0
DA:43,0
DA:44,0
DA:46,0
DA:47,0
DA:48,0
DA:49,0
DA:53,0
DA:54,0
DA:55,0
LF:23
LH:1
end_of_record
